Arguments: 
  C:\Users\HP\.atri\webapp-builder-win.exe.v0.0.89 C:\snapshot\webapp-builder\node_modules\yarn\bin\yarn.js install

PATH: 
  C:\Users\HP\.virtualenvs\my_assignment-EkdUmHTT\Scripts;C:\Program Files\Common Files\Oracle\Java\javapath;C:\Windows\system32;C:\Windows;C:\Windows\System32\Wbem;C:\Windows\System32\WindowsPowerShell\v1.0\;C:\Windows\System32\OpenSSH\;C:\Program Files\Git\cmd;C:\Program Files\nodejs\;C:\ProgramData\chocolatey\bin;C:\Users\HP\AppData\Local\Microsoft\WindowsApps;C:\Users\HP\AppData\Local\Programs\Microsoft VS Code\bin;C:\Users\HP\AppData\Local\GitHubDesktop\bin;C:\Users\HP\AppData\Roaming\npm;C:\Users\HP\AppData\Local\Programs\Python\Python311;C:\Users\HP\AppData\Local\Programs\Python\Python311\Scripts;

Yarn version: 
  1.22.19

Node version: 
  16.16.0

Platform: 
  win32 x64

Trace: 
  Error: EPERM: operation not permitted, unlink 'C:\Users\HP\AppData\Local\Yarn\Cache\v6\npm-lodash-4.17.21-679591c564c3bffaae8454cf0b3df370c3d6911c-integrity\node_modules\lodash\wrap.js'

npm manifest: 
  {
    "name": "atri-react-app-template",
    "version": "0.0.0",
    "private": "true",
    "scripts": {
      "buildApp": "atri-react-app-build-app",
      "buildAppNode": "atri-react-app-build-server",
      "buildServer": "cd server && tsc",
      "build": "yarn run buildApp && yarn run buildAppNode",
      "devServer": "node dist/server/index.js --dev",
      "server": "node dist/server/index.js",
      "dev": "atri-react-app-dev-server"
    },
    "dependencies": {
      "@atrilabs/app-scripts": "^0.0.89",
      "@atrilabs/core": "^0.0.89",
      "chokidar": "^3.5.3",
      "http-proxy-middleware": "^2.0.6",
      "react": "18.0.0",
      "react-dom": "18.0.0",
      "react-router-dom": "^6.3.0",
      "ws": "^8.8.0",
      "zustand": "^4.0.0-rc.1",
      "@atrilabs/react-component-manifests": "^0.0.89"
    },
    "devDependencies": {
      "eslint-config-prettier": "^8.5.0",
      "eslint-config-react-app": "^7.0.1"
    }
  }

yarn manifest: 
  No manifest

Lockfile: 
  No lockfile
